2023-12-29 15:17:42,615 INFO  wargaming_api.WargamingAPI.getUserId | Success URL
2023-12-29 15:17:43,126 INFO  wargaming_api.WargamingAPI.getUserId | Success accountID
2023-12-29 15:17:43,127 INFO  wargaming_api.WargamingAPI.getStats | Connected to https://api.worldoftanks.eu/wot/account/info/?application_id=636b76a3b5bd1b0812f0f34df886fe67&account_id=501745387&fields=statistics.all.battles%2Cstatistics.all.wins%2Cstatistics.all.draws%2Cstatistics.all.losses%2Cstatistics.all.survived_battles%2Cstatistics.all.frags%2Cstatistics.all.spotted%2Cstatistics.all.damage_dealt%2Cstatistics.all.max_frags%2Cstatistics.all.max_xp%2Cstatistics.all.max_damage%2Cstatistics.all.damage_received%2Cstatistics.all.hits%2Cstatistics.all.avg_damage_assisted%2Cstatistics.all.battles_on_stunning_vehicles%2Cstatistics.all.battle_avg_xp%2Cstatistics.all.xp%2Cstatistics.all.capture_points%2Cstatistics.all.shots%2Cstatistics.all.piercings
2023-12-29 15:17:43,224 INFO  wargaming_api.WargamingAPI.getStats | Success response
2023-12-29 15:17:43,227 INFO  wargaming_api.WargamingAPI.getStats | Succesfull
2023-12-29 15:40:42,163 INFO  windowBuilder.views.MainScene.run   | Success running main scene
2023-12-29 15:41:28,679 INFO  windowBuilder.views.MainScene.run   | Success running main scene
2023-12-29 15:42:45,797 INFO  windowBuilder.views.MainScene.run   | Success running main scene
2023-12-29 15:45:39,755 INFO  windowBuilder.views.MainScene.run   | Success running main scene
2023-12-29 15:47:56,918 INFO  windowBuilder.views.MainScene.run   | Success running main scene
2023-12-29 15:48:27,993 INFO  windowBuilder.views.MainScene.run   | Success running main scene
2023-12-29 15:51:39,430 ERROR windowBuilder.views.MainScene.run   | Error running main scene
2023-12-29 15:51:39,437 ERROR windowBuilder.views.MainScene.run   | java.lang.NullPointerException: Cannot invoke "java.net.URL.toExternalForm()" because "location" is null
2023-12-29 15:55:32,719 ERROR windowBuilder.views.MainScene.run   | Error running main scene
2023-12-29 15:55:32,723 ERROR windowBuilder.views.MainScene.run   | java.lang.NullPointerException: Cannot invoke "java.net.URL.toExternalForm()" because "location" is null
2023-12-29 15:56:00,400 INFO  windowBuilder.views.MainScene.run   | Success running main scene
2023-12-29 16:40:56,902 INFO  wargaming_api.WargamingAPI.getUserId | Success URL
2023-12-29 16:40:57,470 INFO  wargaming_api.WargamingAPI.getUserId | Success accountID
2023-12-29 16:40:57,471 INFO  wargaming_api.WargamingAPI.getStats | Connected to https://api.worldoftanks.eu/wot/account/info/?application_id=636b76a3b5bd1b0812f0f34df886fe67&account_id=501745387&fields=statistics.all.battles%2Cstatistics.all.wins%2Cstatistics.all.draws%2Cstatistics.all.losses%2Cstatistics.all.survived_battles%2Cstatistics.all.frags%2Cstatistics.all.spotted%2Cstatistics.all.damage_dealt%2Cstatistics.all.max_frags%2Cstatistics.all.max_xp%2Cstatistics.all.max_damage%2Cstatistics.all.damage_received%2Cstatistics.all.hits%2Cstatistics.all.avg_damage_assisted%2Cstatistics.all.battles_on_stunning_vehicles%2Cstatistics.all.battle_avg_xp%2Cstatistics.all.xp%2Cstatistics.all.capture_points%2Cstatistics.all.shots%2Cstatistics.all.piercings
2023-12-29 16:40:57,577 INFO  wargaming_api.WargamingAPI.getStats | Success response
2023-12-29 16:40:57,579 INFO  wargaming_api.WargamingAPI.getStats | Succesfull stats retrieve
2023-12-29 16:45:04,254 INFO  wargaming_api.WargamingAPI.getUserId | Success URL
2023-12-29 17:35:48,404 INFO  wargaming_api.WargamingAPI.getUserId | Success URL
2023-12-29 17:35:49,116 INFO  wargaming_api.WargamingAPI.getUserId | Success retrieving accountID
2023-12-29 17:35:49,117 INFO  wargaming_api.WargamingAPI.getStats | Connected to https://api.worldoftanks.eu/wot/account/info/?application_id=636b76a3b5bd1b0812f0f34df886fe67&account_id=501745387&fields=statistics.all.battles%2Cstatistics.all.wins%2Cstatistics.all.draws%2Cstatistics.all.losses%2Cstatistics.all.survived_battles%2Cstatistics.all.frags%2Cstatistics.all.spotted%2Cstatistics.all.damage_dealt%2Cstatistics.all.max_frags%2Cstatistics.all.max_xp%2Cstatistics.all.max_damage%2Cstatistics.all.damage_received%2Cstatistics.all.hits%2Cstatistics.all.avg_damage_assisted%2Cstatistics.all.battles_on_stunning_vehicles%2Cstatistics.all.battle_avg_xp%2Cstatistics.all.xp%2Cstatistics.all.capture_points%2Cstatistics.all.shots%2Cstatistics.all.piercings
2023-12-29 17:35:49,214 INFO  wargaming_api.WargamingAPI.getStats | Success response
2023-12-29 17:35:49,216 INFO  wargaming_api.WargamingAPI.getStats | Succesfull stats retrieve
2023-12-29 17:40:15,110 INFO  wargaming_api.WargamingAPI.getUserId | Success URL
2023-12-29 17:40:15,576 INFO  wargaming_api.WargamingAPI.getUserId | Success retrieving accountID
2023-12-29 17:40:15,577 INFO  wargaming_api.WargamingAPI.getStats | Connected to https://api.worldoftanks.eu/wot/account/info/?application_id=636b76a3b5bd1b0812f0f34df886fe67&account_id=501745387&fields=statistics.all.battles%2Cstatistics.all.wins%2Cstatistics.all.draws%2Cstatistics.all.losses%2Cstatistics.all.survived_battles%2Cstatistics.all.frags%2Cstatistics.all.spotted%2Cstatistics.all.damage_dealt%2Cstatistics.all.max_frags%2Cstatistics.all.max_xp%2Cstatistics.all.max_damage%2Cstatistics.all.damage_received%2Cstatistics.all.hits%2Cstatistics.all.avg_damage_assisted%2Cstatistics.all.battles_on_stunning_vehicles%2Cstatistics.all.battle_avg_xp%2Cstatistics.all.xp%2Cstatistics.all.capture_points%2Cstatistics.all.shots%2Cstatistics.all.piercings
2023-12-29 17:40:15,686 INFO  wargaming_api.WargamingAPI.getStats | Success response
2023-12-29 17:40:15,688 INFO  wargaming_api.WargamingAPI.getStats | Succesfull stats retrieve
2023-12-29 17:40:32,328 INFO  windowBuilder.views.Statistics.actionPerformed | Application closed by user.
2023-12-29 17:42:14,497 INFO  wargaming_api.WargamingAPI.getUserId | Success URL
2023-12-29 17:42:15,035 INFO  wargaming_api.WargamingAPI.getUserId | Success retrieving accountID
2023-12-29 17:42:15,036 INFO  wargaming_api.WargamingAPI.getStats | Connected to https://api.worldoftanks.eu/wot/account/info/?application_id=636b76a3b5bd1b0812f0f34df886fe67&account_id=501691165&fields=statistics.all.battles%2Cstatistics.all.wins%2Cstatistics.all.draws%2Cstatistics.all.losses%2Cstatistics.all.survived_battles%2Cstatistics.all.frags%2Cstatistics.all.spotted%2Cstatistics.all.damage_dealt%2Cstatistics.all.max_frags%2Cstatistics.all.max_xp%2Cstatistics.all.max_damage%2Cstatistics.all.damage_received%2Cstatistics.all.hits%2Cstatistics.all.avg_damage_assisted%2Cstatistics.all.battles_on_stunning_vehicles%2Cstatistics.all.battle_avg_xp%2Cstatistics.all.xp%2Cstatistics.all.capture_points%2Cstatistics.all.shots%2Cstatistics.all.piercings
2023-12-29 17:42:15,124 INFO  wargaming_api.WargamingAPI.getStats | Success response
2023-12-29 17:42:15,125 INFO  wargaming_api.WargamingAPI.getStats | Succesfull stats retrieve
2023-12-29 18:49:59,299 INFO  wargaming_api.WargamingAPI.getUserId | Success URL
2023-12-29 18:49:59,815 INFO  wargaming_api.WargamingAPI.getUserId | Success retrieving accountID
2023-12-29 18:49:59,815 INFO  wargaming_api.WargamingAPI.getStats | Connected to https://api.worldoftanks.eu/wot/account/info/?application_id=636b76a3b5bd1b0812f0f34df886fe67&account_id=501745387&fields=statistics.all.battles%2Cstatistics.all.wins%2Cstatistics.all.draws%2Cstatistics.all.losses%2Cstatistics.all.survived_battles%2Cstatistics.all.frags%2Cstatistics.all.spotted%2Cstatistics.all.damage_dealt%2Cstatistics.all.max_frags%2Cstatistics.all.max_xp%2Cstatistics.all.max_damage%2Cstatistics.all.damage_received%2Cstatistics.all.hits%2Cstatistics.all.avg_damage_assisted%2Cstatistics.all.battles_on_stunning_vehicles%2Cstatistics.all.battle_avg_xp%2Cstatistics.all.xp%2Cstatistics.all.capture_points%2Cstatistics.all.shots%2Cstatistics.all.piercings
2023-12-29 18:49:59,911 INFO  wargaming_api.WargamingAPI.getStats | Success response
2023-12-29 18:49:59,914 INFO  wargaming_api.WargamingAPI.getStats | Succesfull stats retrieve
2023-12-29 18:51:03,649 INFO  wargaming_api.WargamingAPI.getUserId | Success URL
2023-12-29 18:51:04,146 INFO  wargaming_api.WargamingAPI.getUserId | Success retrieving accountID
2023-12-29 18:51:04,147 INFO  wargaming_api.WargamingAPI.getStats | Connected to https://api.worldoftanks.eu/wot/account/info/?application_id=636b76a3b5bd1b0812f0f34df886fe67&account_id=501745387&fields=statistics.all.battles%2Cstatistics.all.wins%2Cstatistics.all.draws%2Cstatistics.all.losses%2Cstatistics.all.survived_battles%2Cstatistics.all.frags%2Cstatistics.all.spotted%2Cstatistics.all.damage_dealt%2Cstatistics.all.max_frags%2Cstatistics.all.max_xp%2Cstatistics.all.max_damage%2Cstatistics.all.damage_received%2Cstatistics.all.hits%2Cstatistics.all.avg_damage_assisted%2Cstatistics.all.battles_on_stunning_vehicles%2Cstatistics.all.battle_avg_xp%2Cstatistics.all.xp%2Cstatistics.all.capture_points%2Cstatistics.all.shots%2Cstatistics.all.piercings
2023-12-29 18:51:04,254 INFO  wargaming_api.WargamingAPI.getStats | Success response
2023-12-29 18:51:04,256 INFO  wargaming_api.WargamingAPI.getStats | Succesfull stats retrieve
2023-12-29 19:25:27,517 INFO  wargaming_api.WargamingAPI.getUserId | Success URL
2023-12-29 19:25:28,039 INFO  wargaming_api.WargamingAPI.getUserId | Success retrieving accountID
2023-12-29 19:25:28,040 INFO  wargaming_api.WargamingAPI.getStats | Connected to https://api.worldoftanks.eu/wot/account/info/?application_id=636b76a3b5bd1b0812f0f34df886fe67&account_id=501745387&fields=statistics.all.battles%2Cstatistics.all.wins%2Cstatistics.all.draws%2Cstatistics.all.losses%2Cstatistics.all.survived_battles%2Cstatistics.all.frags%2Cstatistics.all.spotted%2Cstatistics.all.damage_dealt%2Cstatistics.all.max_frags%2Cstatistics.all.max_xp%2Cstatistics.all.max_damage%2Cstatistics.all.damage_received%2Cstatistics.all.hits%2Cstatistics.all.avg_damage_assisted%2Cstatistics.all.battles_on_stunning_vehicles%2Cstatistics.all.battle_avg_xp%2Cstatistics.all.xp%2Cstatistics.all.capture_points%2Cstatistics.all.shots%2Cstatistics.all.piercings
2023-12-29 19:25:28,156 INFO  wargaming_api.WargamingAPI.getStats | Success response
2023-12-29 19:25:28,158 INFO  wargaming_api.WargamingAPI.getStats | Succesfull stats retrieve
2023-12-29 19:27:13,794 INFO  wargaming_api.WargamingAPI.getUserId | Success URL
2023-12-29 19:27:21,354 INFO  wargaming_api.WargamingAPI.getUserId | Success retrieving accountID
2023-12-29 19:27:21,355 INFO  wargaming_api.WargamingAPI.getStats | Connected to https://api.worldoftanks.eu/wot/account/info/?application_id=636b76a3b5bd1b0812f0f34df886fe67&account_id=501745387&fields=statistics.all.battles%2Cstatistics.all.wins%2Cstatistics.all.draws%2Cstatistics.all.losses%2Cstatistics.all.survived_battles%2Cstatistics.all.frags%2Cstatistics.all.spotted%2Cstatistics.all.damage_dealt%2Cstatistics.all.max_frags%2Cstatistics.all.max_xp%2Cstatistics.all.max_damage%2Cstatistics.all.damage_received%2Cstatistics.all.hits%2Cstatistics.all.avg_damage_assisted%2Cstatistics.all.battles_on_stunning_vehicles%2Cstatistics.all.battle_avg_xp%2Cstatistics.all.xp%2Cstatistics.all.capture_points%2Cstatistics.all.shots%2Cstatistics.all.piercings
2023-12-29 19:27:21,460 INFO  wargaming_api.WargamingAPI.getStats | Success response
2023-12-29 19:27:21,462 INFO  wargaming_api.WargamingAPI.getStats | Succesfull stats retrieve
2023-12-29 19:28:38,135 INFO  wargaming_api.WargamingAPI.getUserId | Success URL
2023-12-29 19:28:38,614 INFO  wargaming_api.WargamingAPI.getUserId | Success retrieving accountID
2023-12-29 19:28:38,615 INFO  wargaming_api.WargamingAPI.getStats | Connected to https://api.worldoftanks.eu/wot/account/info/?application_id=636b76a3b5bd1b0812f0f34df886fe67&account_id=501745387&fields=statistics.all.battles%2Cstatistics.all.wins%2Cstatistics.all.draws%2Cstatistics.all.losses%2Cstatistics.all.survived_battles%2Cstatistics.all.frags%2Cstatistics.all.spotted%2Cstatistics.all.damage_dealt%2Cstatistics.all.max_frags%2Cstatistics.all.max_xp%2Cstatistics.all.max_damage%2Cstatistics.all.damage_received%2Cstatistics.all.hits%2Cstatistics.all.avg_damage_assisted%2Cstatistics.all.battles_on_stunning_vehicles%2Cstatistics.all.battle_avg_xp%2Cstatistics.all.xp%2Cstatistics.all.capture_points%2Cstatistics.all.shots%2Cstatistics.all.piercings
2023-12-29 19:28:38,730 INFO  wargaming_api.WargamingAPI.getStats | Success response
2023-12-29 19:28:38,732 INFO  wargaming_api.WargamingAPI.getStats | Succesfull stats retrieve
2023-12-29 19:37:15,616 INFO  wargaming_api.WargamingAPI.getUserId | Success URL
2023-12-29 19:37:16,202 INFO  wargaming_api.WargamingAPI.getUserId | Success retrieving accountID
2023-12-29 19:37:16,203 INFO  wargaming_api.WargamingAPI.getStats | Connected to https://api.worldoftanks.eu/wot/account/info/?application_id=636b76a3b5bd1b0812f0f34df886fe67&account_id=501745387&fields=statistics.all.battles%2Cstatistics.all.wins%2Cstatistics.all.draws%2Cstatistics.all.losses%2Cstatistics.all.survived_battles%2Cstatistics.all.frags%2Cstatistics.all.spotted%2Cstatistics.all.damage_dealt%2Cstatistics.all.max_frags%2Cstatistics.all.max_xp%2Cstatistics.all.max_damage%2Cstatistics.all.damage_received%2Cstatistics.all.hits%2Cstatistics.all.avg_damage_assisted%2Cstatistics.all.battles_on_stunning_vehicles%2Cstatistics.all.battle_avg_xp%2Cstatistics.all.xp%2Cstatistics.all.capture_points%2Cstatistics.all.shots%2Cstatistics.all.piercings
2023-12-29 19:37:16,307 INFO  wargaming_api.WargamingAPI.getStats | Success response
2023-12-29 19:37:16,309 INFO  wargaming_api.WargamingAPI.getStats | Succesfull stats retrieve
2023-12-29 19:38:54,223 INFO  wargaming_api.WargamingAPI.getUserId | Success URL
2023-12-29 19:38:54,730 INFO  wargaming_api.WargamingAPI.getUserId | Success retrieving accountID
2023-12-29 19:38:54,731 INFO  wargaming_api.WargamingAPI.getStats | Connected to https://api.worldoftanks.eu/wot/account/info/?application_id=636b76a3b5bd1b0812f0f34df886fe67&account_id=501745387&fields=statistics.all.battles%2Cstatistics.all.wins%2Cstatistics.all.draws%2Cstatistics.all.losses%2Cstatistics.all.survived_battles%2Cstatistics.all.frags%2Cstatistics.all.spotted%2Cstatistics.all.damage_dealt%2Cstatistics.all.max_frags%2Cstatistics.all.max_xp%2Cstatistics.all.max_damage%2Cstatistics.all.damage_received%2Cstatistics.all.hits%2Cstatistics.all.avg_damage_assisted%2Cstatistics.all.battles_on_stunning_vehicles%2Cstatistics.all.battle_avg_xp%2Cstatistics.all.xp%2Cstatistics.all.capture_points%2Cstatistics.all.shots%2Cstatistics.all.piercings
2023-12-29 19:38:54,847 INFO  wargaming_api.WargamingAPI.getStats | Success response
2023-12-29 19:38:54,849 INFO  wargaming_api.WargamingAPI.getStats | Succesfull stats retrieve
2023-12-29 19:39:30,449 INFO  wargaming_api.WargamingAPI.getUserId | Success URL
2023-12-29 19:39:30,989 INFO  wargaming_api.WargamingAPI.getUserId | Success retrieving accountID
2023-12-29 19:39:30,989 INFO  wargaming_api.WargamingAPI.getStats | Connected to https://api.worldoftanks.eu/wot/account/info/?application_id=636b76a3b5bd1b0812f0f34df886fe67&account_id=501745387&fields=statistics.all.battles%2Cstatistics.all.wins%2Cstatistics.all.draws%2Cstatistics.all.losses%2Cstatistics.all.survived_battles%2Cstatistics.all.frags%2Cstatistics.all.spotted%2Cstatistics.all.damage_dealt%2Cstatistics.all.max_frags%2Cstatistics.all.max_xp%2Cstatistics.all.max_damage%2Cstatistics.all.damage_received%2Cstatistics.all.hits%2Cstatistics.all.avg_damage_assisted%2Cstatistics.all.battles_on_stunning_vehicles%2Cstatistics.all.battle_avg_xp%2Cstatistics.all.xp%2Cstatistics.all.capture_points%2Cstatistics.all.shots%2Cstatistics.all.piercings
2023-12-29 19:39:31,104 INFO  wargaming_api.WargamingAPI.getStats | Success response
2023-12-29 19:39:31,106 INFO  wargaming_api.WargamingAPI.getStats | Succesfull stats retrieve
2023-12-29 19:43:02,056 INFO  wargaming_api.WargamingAPI.getUserId | Success URL
2023-12-29 19:43:02,570 INFO  wargaming_api.WargamingAPI.getUserId | Success retrieving accountID
2023-12-29 19:43:02,571 INFO  wargaming_api.WargamingAPI.getStats | Connected to https://api.worldoftanks.eu/wot/account/info/?application_id=636b76a3b5bd1b0812f0f34df886fe67&account_id=501745387&fields=statistics.all.battles%2Cstatistics.all.wins%2Cstatistics.all.draws%2Cstatistics.all.losses%2Cstatistics.all.survived_battles%2Cstatistics.all.frags%2Cstatistics.all.spotted%2Cstatistics.all.damage_dealt%2Cstatistics.all.max_frags%2Cstatistics.all.max_xp%2Cstatistics.all.max_damage%2Cstatistics.all.damage_received%2Cstatistics.all.hits%2Cstatistics.all.avg_damage_assisted%2Cstatistics.all.battles_on_stunning_vehicles%2Cstatistics.all.battle_avg_xp%2Cstatistics.all.xp%2Cstatistics.all.capture_points%2Cstatistics.all.shots%2Cstatistics.all.piercings
2023-12-29 19:43:02,706 INFO  wargaming_api.WargamingAPI.getStats | Success response
2023-12-29 19:43:02,709 INFO  wargaming_api.WargamingAPI.getStats | Succesfull stats retrieve
2023-12-29 19:43:33,693 INFO  wargaming_api.WargamingAPI.getUserId | Success URL
2023-12-29 19:43:34,190 INFO  wargaming_api.WargamingAPI.getUserId | Success retrieving accountID
2023-12-29 19:43:37,733 INFO  wargaming_api.WargamingAPI.getUserId | Success URL
2023-12-29 19:43:38,201 INFO  wargaming_api.WargamingAPI.getUserId | Success retrieving accountID
2023-12-29 19:43:38,202 INFO  wargaming_api.WargamingAPI.getStats | Connected to https://api.worldoftanks.eu/wot/account/info/?application_id=636b76a3b5bd1b0812f0f34df886fe67&account_id=501745387&fields=statistics.all.battles%2Cstatistics.all.wins%2Cstatistics.all.draws%2Cstatistics.all.losses%2Cstatistics.all.survived_battles%2Cstatistics.all.frags%2Cstatistics.all.spotted%2Cstatistics.all.damage_dealt%2Cstatistics.all.max_frags%2Cstatistics.all.max_xp%2Cstatistics.all.max_damage%2Cstatistics.all.damage_received%2Cstatistics.all.hits%2Cstatistics.all.avg_damage_assisted%2Cstatistics.all.battles_on_stunning_vehicles%2Cstatistics.all.battle_avg_xp%2Cstatistics.all.xp%2Cstatistics.all.capture_points%2Cstatistics.all.shots%2Cstatistics.all.piercings
2023-12-29 19:43:38,318 INFO  wargaming_api.WargamingAPI.getStats | Success response
2023-12-29 19:43:38,320 INFO  wargaming_api.WargamingAPI.getStats | Succesfull stats retrieve
2023-12-29 19:44:50,283 INFO  wargaming_api.WargamingAPI.getUserId | Success URL
2023-12-29 19:44:50,806 INFO  wargaming_api.WargamingAPI.getUserId | Success retrieving accountID
2023-12-29 19:44:50,807 INFO  wargaming_api.WargamingAPI.getStats | Connected to https://api.worldoftanks.eu/wot/account/info/?application_id=636b76a3b5bd1b0812f0f34df886fe67&account_id=501745387&fields=statistics.all.battles%2Cstatistics.all.wins%2Cstatistics.all.draws%2Cstatistics.all.losses%2Cstatistics.all.survived_battles%2Cstatistics.all.frags%2Cstatistics.all.spotted%2Cstatistics.all.damage_dealt%2Cstatistics.all.max_frags%2Cstatistics.all.max_xp%2Cstatistics.all.max_damage%2Cstatistics.all.damage_received%2Cstatistics.all.hits%2Cstatistics.all.avg_damage_assisted%2Cstatistics.all.battles_on_stunning_vehicles%2Cstatistics.all.battle_avg_xp%2Cstatistics.all.xp%2Cstatistics.all.capture_points%2Cstatistics.all.shots%2Cstatistics.all.piercings
2023-12-29 19:44:50,928 INFO  wargaming_api.WargamingAPI.getStats | Success response
2023-12-29 19:44:50,930 INFO  wargaming_api.WargamingAPI.getStats | Succesfull stats retrieve
2023-12-29 19:45:18,362 INFO  wargaming_api.WargamingAPI.getUserId | Success URL
2023-12-29 19:45:18,878 INFO  wargaming_api.WargamingAPI.getUserId | Success retrieving accountID
2023-12-29 19:45:18,879 INFO  wargaming_api.WargamingAPI.getStats | Connected to https://api.worldoftanks.eu/wot/account/info/?application_id=636b76a3b5bd1b0812f0f34df886fe67&account_id=501745387&fields=statistics.all.battles%2Cstatistics.all.wins%2Cstatistics.all.draws%2Cstatistics.all.losses%2Cstatistics.all.survived_battles%2Cstatistics.all.frags%2Cstatistics.all.spotted%2Cstatistics.all.damage_dealt%2Cstatistics.all.max_frags%2Cstatistics.all.max_xp%2Cstatistics.all.max_damage%2Cstatistics.all.damage_received%2Cstatistics.all.hits%2Cstatistics.all.avg_damage_assisted%2Cstatistics.all.battles_on_stunning_vehicles%2Cstatistics.all.battle_avg_xp%2Cstatistics.all.xp%2Cstatistics.all.capture_points%2Cstatistics.all.shots%2Cstatistics.all.piercings
2023-12-29 19:45:18,986 INFO  wargaming_api.WargamingAPI.getStats | Success response
2023-12-29 19:45:18,987 INFO  wargaming_api.WargamingAPI.getStats | Succesfull stats retrieve
2023-12-29 19:45:33,468 INFO  wargaming_api.WargamingAPI.getUserId | Success URL
2023-12-29 19:45:33,991 INFO  wargaming_api.WargamingAPI.getUserId | Success retrieving accountID
2023-12-29 19:45:33,992 INFO  wargaming_api.WargamingAPI.getStats | Connected to https://api.worldoftanks.eu/wot/account/info/?application_id=636b76a3b5bd1b0812f0f34df886fe67&account_id=501745387&fields=statistics.all.battles%2Cstatistics.all.wins%2Cstatistics.all.draws%2Cstatistics.all.losses%2Cstatistics.all.survived_battles%2Cstatistics.all.frags%2Cstatistics.all.spotted%2Cstatistics.all.damage_dealt%2Cstatistics.all.max_frags%2Cstatistics.all.max_xp%2Cstatistics.all.max_damage%2Cstatistics.all.damage_received%2Cstatistics.all.hits%2Cstatistics.all.avg_damage_assisted%2Cstatistics.all.battles_on_stunning_vehicles%2Cstatistics.all.battle_avg_xp%2Cstatistics.all.xp%2Cstatistics.all.capture_points%2Cstatistics.all.shots%2Cstatistics.all.piercings
2023-12-29 19:45:34,104 INFO  wargaming_api.WargamingAPI.getStats | Success response
2023-12-29 19:45:34,105 INFO  wargaming_api.WargamingAPI.getStats | Succesfull stats retrieve
2023-12-29 19:47:35,890 INFO  wargaming_api.WargamingAPI.getUserId | Success URL
2023-12-29 19:47:36,462 INFO  wargaming_api.WargamingAPI.getUserId | Success retrieving accountID
2023-12-29 19:47:36,463 INFO  wargaming_api.WargamingAPI.getStats | Connected to https://api.worldoftanks.eu/wot/account/info/?application_id=636b76a3b5bd1b0812f0f34df886fe67&account_id=501745387&fields=statistics.all.battles%2Cstatistics.all.wins%2Cstatistics.all.draws%2Cstatistics.all.losses%2Cstatistics.all.survived_battles%2Cstatistics.all.frags%2Cstatistics.all.spotted%2Cstatistics.all.damage_dealt%2Cstatistics.all.max_frags%2Cstatistics.all.max_xp%2Cstatistics.all.max_damage%2Cstatistics.all.damage_received%2Cstatistics.all.hits%2Cstatistics.all.avg_damage_assisted%2Cstatistics.all.battles_on_stunning_vehicles%2Cstatistics.all.battle_avg_xp%2Cstatistics.all.xp%2Cstatistics.all.capture_points%2Cstatistics.all.shots%2Cstatistics.all.piercings
2023-12-29 19:47:36,565 INFO  wargaming_api.WargamingAPI.getStats | Success response
2023-12-29 19:47:36,567 INFO  wargaming_api.WargamingAPI.getStats | Succesfull stats retrieve
2023-12-29 19:47:50,301 INFO  wargaming_api.WargamingAPI.getUserId | Success URL
2023-12-29 19:47:50,831 INFO  wargaming_api.WargamingAPI.getUserId | Success retrieving accountID
2023-12-29 19:47:50,832 INFO  wargaming_api.WargamingAPI.getStats | Connected to https://api.worldoftanks.eu/wot/account/info/?application_id=636b76a3b5bd1b0812f0f34df886fe67&account_id=501745387&fields=statistics.all.battles%2Cstatistics.all.wins%2Cstatistics.all.draws%2Cstatistics.all.losses%2Cstatistics.all.survived_battles%2Cstatistics.all.frags%2Cstatistics.all.spotted%2Cstatistics.all.damage_dealt%2Cstatistics.all.max_frags%2Cstatistics.all.max_xp%2Cstatistics.all.max_damage%2Cstatistics.all.damage_received%2Cstatistics.all.hits%2Cstatistics.all.avg_damage_assisted%2Cstatistics.all.battles_on_stunning_vehicles%2Cstatistics.all.battle_avg_xp%2Cstatistics.all.xp%2Cstatistics.all.capture_points%2Cstatistics.all.shots%2Cstatistics.all.piercings
2023-12-29 19:47:50,955 INFO  wargaming_api.WargamingAPI.getStats | Success response
2023-12-29 19:47:50,956 INFO  wargaming_api.WargamingAPI.getStats | Succesfull stats retrieve
2023-12-29 20:49:59,830 INFO  wargaming_api.WargamingAPI.getUserId | Success URL
2023-12-29 20:50:00,309 INFO  wargaming_api.WargamingAPI.getUserId | Success retrieving accountID
2023-12-29 20:50:00,310 INFO  wargaming_api.WargamingAPI.getStats | Connected to https://api.worldoftanks.eu/wot/account/info/?application_id=636b76a3b5bd1b0812f0f34df886fe67&account_id=501745387&fields=statistics.all.battles%2Cstatistics.all.wins%2Cstatistics.all.draws%2Cstatistics.all.losses%2Cstatistics.all.survived_battles%2Cstatistics.all.frags%2Cstatistics.all.spotted%2Cstatistics.all.damage_dealt%2Cstatistics.all.max_frags%2Cstatistics.all.max_xp%2Cstatistics.all.max_damage%2Cstatistics.all.damage_received%2Cstatistics.all.hits%2Cstatistics.all.avg_damage_assisted%2Cstatistics.all.battles_on_stunning_vehicles%2Cstatistics.all.battle_avg_xp%2Cstatistics.all.xp%2Cstatistics.all.capture_points%2Cstatistics.all.shots%2Cstatistics.all.piercings
2023-12-29 20:50:00,408 INFO  wargaming_api.WargamingAPI.getStats | Success response
2023-12-29 20:50:00,410 INFO  wargaming_api.WargamingAPI.getStats | Succesfull stats retrieve
2023-12-29 23:31:20,316 INFO  wargaming_api.WargamingAPI.getUserId | Success URL
2023-12-29 23:31:21,650 INFO  wargaming_api.WargamingAPI.getUserId | Success retrieving accountID
2023-12-29 23:31:21,651 INFO  wargaming_api.WargamingAPI.getStats | Connected to https://api.worldoftanks.eu/wot/account/info/?application_id=636b76a3b5bd1b0812f0f34df886fe67&account_id=501745387&fields=statistics.all.battles%2Cstatistics.all.wins%2Cstatistics.all.draws%2Cstatistics.all.losses%2Cstatistics.all.survived_battles%2Cstatistics.all.frags%2Cstatistics.all.spotted%2Cstatistics.all.damage_dealt%2Cstatistics.all.max_frags%2Cstatistics.all.max_xp%2Cstatistics.all.max_damage%2Cstatistics.all.damage_received%2Cstatistics.all.hits%2Cstatistics.all.avg_damage_assisted%2Cstatistics.all.battles_on_stunning_vehicles%2Cstatistics.all.battle_avg_xp%2Cstatistics.all.xp%2Cstatistics.all.capture_points%2Cstatistics.all.shots%2Cstatistics.all.piercings
2023-12-29 23:31:21,993 INFO  wargaming_api.WargamingAPI.getStats | Success response
2023-12-29 23:31:21,996 INFO  wargaming_api.WargamingAPI.getStats | Succesfull stats retrieve
2023-12-29 23:31:55,118 INFO  wargaming_api.WargamingAPI.getUserId | Success URL
2023-12-29 23:32:31,034 INFO  wargaming_api.WargamingAPI.getUserId | Success URL
2023-12-29 23:33:57,992 INFO  wargaming_api.WargamingAPI.getUserId | Success URL
2023-12-29 23:33:58,482 INFO  wargaming_api.WargamingAPI.getUserId | Success retrieving accountID
2023-12-29 23:33:58,483 INFO  wargaming_api.WargamingAPI.getStats | Connected to https://api.worldoftanks.eu/wot/account/info/?application_id=636b76a3b5bd1b0812f0f34df886fe67&account_id=501745387&fields=statistics.all.battles%2Cstatistics.all.wins%2Cstatistics.all.draws%2Cstatistics.all.losses%2Cstatistics.all.survived_battles%2Cstatistics.all.frags%2Cstatistics.all.spotted%2Cstatistics.all.damage_dealt%2Cstatistics.all.max_frags%2Cstatistics.all.max_xp%2Cstatistics.all.max_damage%2Cstatistics.all.damage_received%2Cstatistics.all.hits%2Cstatistics.all.avg_damage_assisted%2Cstatistics.all.battles_on_stunning_vehicles%2Cstatistics.all.battle_avg_xp%2Cstatistics.all.xp%2Cstatistics.all.capture_points%2Cstatistics.all.shots%2Cstatistics.all.piercings
2023-12-29 23:33:58,600 INFO  wargaming_api.WargamingAPI.getStats | Success response
2023-12-29 23:33:58,601 INFO  wargaming_api.WargamingAPI.getStats | Succesfull stats retrieve
2023-12-29 23:35:30,036 INFO  wargaming_api.WargamingAPI.getUserId | Success URL
2023-12-29 23:35:30,547 INFO  wargaming_api.WargamingAPI.getUserId | Success retrieving accountID
2023-12-29 23:35:30,548 INFO  wargaming_api.WargamingAPI.getStats | Connected to https://api.worldoftanks.eu/wot/account/info/?application_id=636b76a3b5bd1b0812f0f34df886fe67&account_id=501745387&fields=statistics.all.battles%2Cstatistics.all.wins%2Cstatistics.all.draws%2Cstatistics.all.losses%2Cstatistics.all.survived_battles%2Cstatistics.all.frags%2Cstatistics.all.spotted%2Cstatistics.all.damage_dealt%2Cstatistics.all.max_frags%2Cstatistics.all.max_xp%2Cstatistics.all.max_damage%2Cstatistics.all.damage_received%2Cstatistics.all.hits%2Cstatistics.all.avg_damage_assisted%2Cstatistics.all.battles_on_stunning_vehicles%2Cstatistics.all.battle_avg_xp%2Cstatistics.all.xp%2Cstatistics.all.capture_points%2Cstatistics.all.shots%2Cstatistics.all.piercings
2023-12-29 23:35:30,667 INFO  wargaming_api.WargamingAPI.getStats | Success response
2023-12-29 23:35:30,668 INFO  wargaming_api.WargamingAPI.getStats | Succesfull stats retrieve
2023-12-29 23:43:08,082 INFO  wargaming_api.WargamingAPI.getUserId | Success URL
2023-12-29 23:43:08,619 INFO  wargaming_api.WargamingAPI.getUserId | Success retrieving accountID
2023-12-29 23:43:08,620 INFO  wargaming_api.WargamingAPI.getStats | Connected to https://api.worldoftanks.eu/wot/account/info/?application_id=636b76a3b5bd1b0812f0f34df886fe67&account_id=501745387&fields=statistics.all.battles%2Cstatistics.all.wins%2Cstatistics.all.draws%2Cstatistics.all.losses%2Cstatistics.all.survived_battles%2Cstatistics.all.frags%2Cstatistics.all.spotted%2Cstatistics.all.damage_dealt%2Cstatistics.all.max_frags%2Cstatistics.all.max_xp%2Cstatistics.all.max_damage%2Cstatistics.all.damage_received%2Cstatistics.all.hits%2Cstatistics.all.avg_damage_assisted%2Cstatistics.all.battles_on_stunning_vehicles%2Cstatistics.all.battle_avg_xp%2Cstatistics.all.xp%2Cstatistics.all.capture_points%2Cstatistics.all.shots%2Cstatistics.all.piercings
2023-12-29 23:43:08,729 INFO  wargaming_api.WargamingAPI.getStats | Success response
2023-12-29 23:43:08,730 INFO  wargaming_api.WargamingAPI.getStats | Succesfull stats retrieve
2023-12-29 23:43:35,352 INFO  wargaming_api.WargamingAPI.getUserId | Success URL
2023-12-29 23:43:35,846 INFO  wargaming_api.WargamingAPI.getUserId | Success retrieving accountID
2023-12-29 23:43:35,847 INFO  wargaming_api.WargamingAPI.getStats | Connected to https://api.worldoftanks.eu/wot/account/info/?application_id=636b76a3b5bd1b0812f0f34df886fe67&account_id=501745387&fields=statistics.all.battles%2Cstatistics.all.wins%2Cstatistics.all.draws%2Cstatistics.all.losses%2Cstatistics.all.survived_battles%2Cstatistics.all.frags%2Cstatistics.all.spotted%2Cstatistics.all.damage_dealt%2Cstatistics.all.max_frags%2Cstatistics.all.max_xp%2Cstatistics.all.max_damage%2Cstatistics.all.damage_received%2Cstatistics.all.hits%2Cstatistics.all.avg_damage_assisted%2Cstatistics.all.battles_on_stunning_vehicles%2Cstatistics.all.battle_avg_xp%2Cstatistics.all.xp%2Cstatistics.all.capture_points%2Cstatistics.all.shots%2Cstatistics.all.piercings
2023-12-29 23:43:35,967 INFO  wargaming_api.WargamingAPI.getStats | Success response
2023-12-29 23:43:35,968 INFO  wargaming_api.WargamingAPI.getStats | Succesfull stats retrieve
2023-12-29 23:45:07,508 INFO  wargaming_api.WargamingAPI.getUserId | Success URL
2023-12-29 23:45:07,987 INFO  wargaming_api.WargamingAPI.getUserId | Success retrieving accountID
2023-12-29 23:45:07,988 INFO  wargaming_api.WargamingAPI.getStats | Connected to https://api.worldoftanks.eu/wot/account/info/?application_id=636b76a3b5bd1b0812f0f34df886fe67&account_id=501745387&fields=statistics.all.battles%2Cstatistics.all.wins%2Cstatistics.all.draws%2Cstatistics.all.losses%2Cstatistics.all.survived_battles%2Cstatistics.all.frags%2Cstatistics.all.spotted%2Cstatistics.all.damage_dealt%2Cstatistics.all.max_frags%2Cstatistics.all.max_xp%2Cstatistics.all.max_damage%2Cstatistics.all.damage_received%2Cstatistics.all.hits%2Cstatistics.all.avg_damage_assisted%2Cstatistics.all.battles_on_stunning_vehicles%2Cstatistics.all.battle_avg_xp%2Cstatistics.all.xp%2Cstatistics.all.capture_points%2Cstatistics.all.shots%2Cstatistics.all.piercings
2023-12-29 23:45:08,106 INFO  wargaming_api.WargamingAPI.getStats | Success response
2023-12-29 23:45:08,108 INFO  wargaming_api.WargamingAPI.getStats | Succesfull stats retrieve
